<?xml version="1.0" encoding="UTF-8"?>
<!-- Generated by org.testng.reporters.JUnitXMLReporter -->
<testsuite ignored="0" hostname="yasa" failures="0" tests="4" name="Command line test" time="3.472" errors="0" timestamp="2022-06-11T12:54:56 ICT">
  <testcase classname="FirstTest" name="first" time="1.654"/>
  <testcase classname="SecondTest" name="second" time="0.923"/>
  <testcase classname="users.ListUsersTest" name="list" time="0.681"/>
  <testcase classname="users.SingleUserTest" name="single" time="0.173"/>
</testsuite> <!-- Command line test -->
