<?xml version="1.0" encoding="UTF-8"?>
<testng-results ignored="0" total="2" passed="2" failed="0" skipped="0">
  <reporter-output>
  </reporter-output>
  <suite started-at="2022-06-11T13:25:40 ICT" name="UsersSuite" finished-at="2022-06-11T13:25:42 ICT" duration-ms="2338">
    <groups>
    </groups>
    <test started-at="2022-06-11T13:25:40 ICT" name="UsersTest" finished-at="2022-06-11T13:25:42 ICT" duration-ms="2338">
      <class name="users.SingleUserTest">
        <test-method signature="single(org.testng.ITestContext)[pri:0, instance:users.SingleUserTest@363ee3a2]" started-at="2022-06-11T13:25:42 ICT" name="single" finished-at="2022-06-11T13:25:42 ICT" duration-ms="177" status="PASS">
          <params>
            <param index="0">
              <value>
                <![CDATA[org.testng.TestRunner@7d8995e]]>
              </value>
            </param>
          </params>
          <reporter-output>
          </reporter-output>
        </test-method> <!-- single -->
      </class> <!-- users.SingleUserTest -->
      <class name="users.ListUsersTest">
        <test-method signature="list(org.testng.ITestContext)[pri:0, instance:users.ListUsersTest@7adda9cc]" started-at="2022-06-11T13:25:40 ICT" name="list" finished-at="2022-06-11T13:25:42 ICT" duration-ms="2120" status="PASS">
          <params>
            <param index="0">
              <value>
                <![CDATA[org.testng.TestRunner@7d8995e]]>
              </value>
            </param>
          </params>
          <reporter-output>
          </reporter-output>
        </test-method> <!-- list -->
      </class> <!-- users.ListUsersTest -->
    </test> <!-- UsersTest -->
  </suite> <!-- UsersSuite -->
</testng-results>
